# JRE version: Java(TM) SE Runtime Environment 18.9 (11.0.11+9) (build 11.0.11+9-LTS-194)
# Java VM: Java HotSpot(TM) 64-Bit Server VM 18.9 (11.0.11+9-LTS-194, mixed mode, tiered, compressed oops, g1 gc, windows-amd64)
Heap:
 garbage-first heap   total 452608K, used 92301K [0x0000000690c00000, 0x0000000800000000)
  region size 1024K, 77 young (78848K), 23 survivors (23552K)
 Metaspace       used 62443K, capacity 64175K, committed 64292K, reserved 1105920K
  class space    used 7612K, capacity 8348K, committed 8368K, reserved 1048576K
GC Heap History (10 events):
Event: 4.747 GC heap before
{Heap before GC invocations=5 (full 0):
 garbage-first heap   total 376832K, used 88062K [0x0000000690c00000, 0x0000000800000000)
  region size 1024K, 73 young (74752K), 3 survivors (3072K)
 Metaspace       used 26874K, capacity 27667K, committed 27952K, reserved 1073152K
  class space    used 3256K, capacity 3573K, committed 3632K, reserved 1048576K
}
Event: 4.752 GC heap after
{Heap after GC invocations=6 (full 0):
 garbage-first heap   total 376832K, used 18231K [0x0000000690c00000, 0x0000000800000000)
  region size 1024K, 5 young (5120K), 5 survivors (5120K)
 Metaspace       used 26874K, capacity 27667K, committed 27952K, reserved 1073152K
  class space    used 3256K, capacity 3573K, committed 3632K, reserved 1048576K
}
Event: 6.443 GC heap before
{Heap before GC invocations=6 (full 0):
 garbage-first heap   total 376832K, used 131895K [0x0000000690c00000, 0x0000000800000000)
  region size 1024K, 116 young (118784K), 5 survivors (5120K)
 Metaspace       used 33928K, capacity 34820K, committed 34864K, reserved 1079296K
  class space    used 4025K, capacity 4380K, committed 4400K, reserved 1048576K
}
Event: 6.452 GC heap after
{Heap after GC invocations=7 (full 0):
 garbage-first heap   total 376832K, used 21399K [0x0000000690c00000, 0x0000000800000000)
  region size 1024K, 8 young (8192K), 8 survivors (8192K)
 Metaspace       used 33928K, capacity 34820K, committed 34864K, reserved 1079296K
  class space    used 4025K, capacity 4380K, committed 4400K, reserved 1048576K
}
Event: 6.639 GC heap before
{Heap before GC invocations=7 (full 0):
 garbage-first heap   total 376832K, used 30615K [0x0000000690c00000, 0x0000000800000000)
  region size 1024K, 18 young (18432K), 8 survivors (8192K)
 Metaspace       used 34724K, capacity 35633K, committed 35708K, reserved 1081344K
  class space    used 4117K, capacity 4480K, committed 4528K, reserved 1048576K
}
Event: 6.648 GC heap after
{Heap after GC invocations=8 (full 0):
 garbage-first heap   total 376832K, used 21465K [0x0000000690c00000, 0x0000000800000000)
  region size 1024K, 8 young (8192K), 8 survivors (8192K)
 Metaspace       used 34724K, capacity 35633K, committed 35708K, reserved 1081344K
  class space    used 4117K, capacity 4480K, committed 4528K, reserved 1048576K
}
Event: 12.127 GC heap before
{Heap before GC invocations=9 (full 0):
 garbage-first heap   total 376832K, used 236505K [0x0000000690c00000, 0x0000000800000000)
  region size 1024K, 218 young (223232K), 8 survivors (8192K)
 Metaspace       used 51035K, capacity 52329K, committed 52476K, reserved 1095680K
  class space    used 6153K, capacity 6686K, committed 6704K, reserved 1048576K
}
Event: 12.145 GC heap after
{Heap after GC invocations=10 (full 0):
 garbage-first heap   total 376832K, used 29013K [0x0000000690c00000, 0x0000000800000000)
  region size 1024K, 15 young (15360K), 15 survivors (15360K)
 Metaspace       used 51035K, capacity 52329K, committed 52476K, reserved 1095680K
  class space    used 6153K, capacity 6686K, committed 6704K, reserved 1048576K
}
Event: 17.252 GC heap before
{Heap before GC invocations=10 (full 0):
 garbage-first heap   total 376832K, used 224597K [0x0000000690c00000, 0x0000000800000000)
  region size 1024K, 207 young (211968K), 15 survivors (15360K)
 Metaspace       used 58209K, capacity 59842K, committed 59940K, reserved 1101824K
  class space    used 7132K, capacity 7807K, committed 7856K, reserved 1048576K
}
Event: 17.280 GC heap after
{Heap after GC invocations=11 (full 0):
 garbage-first heap   total 452608K, used 38029K [0x0000000690c00000, 0x0000000800000000)
  region size 1024K, 23 young (23552K), 23 survivors (23552K)
 Metaspace       used 58209K, capacity 59842K, committed 59940K, reserved 1101824K
  class space    used 7132K, capacity 7807K, committed 7856K, reserved 1048576K
}

